<?xml version="1.0" encoding="UTF-8"?>
<testng-results ignored="0" total="1" passed="1" failed="0" skipped="0">
  <reporter-output>
  </reporter-output>
  <suite started-at="2023-09-30T16:43:14 IST" name="Default suite" finished-at="2023-09-30T16:43:14 IST" duration-ms="105">
    <groups>
    </groups>
    <test started-at="2023-09-30T16:43:14 IST" name="Default test" finished-at="2023-09-30T16:43:14 IST" duration-ms="105">
      <class name="package1.NewClassTest">
        <test-method signature="newClassTest()[pri:0, instance:package1.NewClassTest@51c668e3]" started-at="2023-09-30T16:43:14 IST" name="newClassTest" finished-at="2023-09-30T16:43:14 IST" duration-ms="11" status="PASS">
          <reporter-output>
          </reporter-output>
        </test-method> <!-- newClassTest -->
      </class> <!-- package1.NewClassTest -->
    </test> <!-- Default test -->
  </suite> <!-- Default suite -->
</testng-results>
